Found pretrained model at ./ckpt/Inception_pretrain_no-full.ckpt, loading...
the ground truth class is Defect-Free.bmp
0.788 -> Defect-Free
0.136 -> Kinky-Filling
0.037 -> Broken-Pick
0.017 -> DOG
0.011 -> Creases
0.010 -> Transfer-Knot
0.000 -> Stand-Indicator
0.000 -> End-Out
output Defect-Free_CAM.jpg for the top1 prediction: Defect-Free
the ground truth class is Stand-Indicator.bmp
0.275 -> DOG
0.246 -> Kinky-Filling
0.243 -> Broken-Pick
0.139 -> Creases
0.037 -> Transfer-Knot
0.034 -> Stand-Indicator
0.025 -> Defect-Free
0.002 -> End-Out
output DOG_CAM.jpg for the top1 prediction: DOG
the ground truth class is Transfer-Knot.bmp
0.885 -> DOG
0.045 -> Kinky-Filling
0.035 -> Broken-Pick
0.035 -> Transfer-Knot
0.000 -> Creases
0.000 -> End-Out
0.000 -> Stand-Indicator
0.000 -> Defect-Free
output DOG_CAM.jpg for the top1 prediction: DOG
the ground truth class is Creases.bmp
0.810 -> Creases
0.070 -> Kinky-Filling
0.068 -> Broken-Pick
0.046 -> DOG
0.005 -> Defect-Free
0.001 -> Transfer-Knot
0.000 -> End-Out
0.000 -> Stand-Indicator
output Creases_CAM.jpg for the top1 prediction: Creases
the ground truth class is Kinky-Filling.bmp
0.560 -> Transfer-Knot
0.297 -> Kinky-Filling
0.114 -> Broken-Pick
0.022 -> DOG
0.006 -> Creases
0.000 -> Defect-Free
0.000 -> Stand-Indicator
0.000 -> End-Out
output Transfer-Knot_CAM.jpg for the top1 prediction: Transfer-Knot
the ground truth class is DOG.bmp
0.888 -> DOG
0.072 -> Kinky-Filling
0.021 -> Broken-Pick
0.017 -> Transfer-Knot
0.000 -> Creases
0.000 -> Defect-Free
0.000 -> End-Out
0.000 -> Stand-Indicator
output DOG_CAM.jpg for the top1 prediction: DOG
the ground truth class is End-Out.bmp
1.000 -> End-Out
0.000 -> Creases
0.000 -> Broken-Pick
0.000 -> Kinky-Filling
0.000 -> DOG
0.000 -> Transfer-Knot
0.000 -> Stand-Indicator
0.000 -> Defect-Free
output End-Out_CAM.jpg for the top1 prediction: End-Out
the ground truth class is Broken-Pick.bmp
0.415 -> Broken-Pick
0.240 -> Creases
0.196 -> DOG
0.110 -> Kinky-Filling
0.024 -> Transfer-Knot
0.007 -> End-Out
0.006 -> Defect-Free
0.002 -> Stand-Indicator
output Broken-Pick_CAM.jpg for the top1 prediction: Broken-Pick
